La génération a démarré 20/05/2016 11:05:35.
     1>Projet "G:\Projet3_C++_Graphes\Projet3_C++_Bouchard_Lallement\Projet3_C++_Graphes\Projet3_C++_Graphes.vcxproj" sur le nœud 2 (Build cible(s)).
     1>ClCompile:
         C:\Program Files (x86)\Microsoft Visual Studio 11.0\VC\bin\CL.exe /c /ZI /nologo /W3 /WX- /sdl /Od /Oy- /D WIN32 /D _DEBUG /D _CONSOLE /D _UNICODE /D UNICODE /Gm /EHsc /RTC1 /MDd /GS /fp:precise /Zc:wchar_t /Zc:forScope /Fo"Debug\\" /Fd"Debug\vc110.pdb" /Gd /TP /analyze- /errorReport:prompt ChargeurGraphe.cpp Arc.cpp Exception.cpp Graphe.cpp Parseur.cpp Projet3_C++_Graphes.cpp Sommet.cpp TraitementGraphe.cpp
         TraitementGraphe.cpp
         Sommet.cpp
         Projet3_C++_Graphes.cpp
         Parseur.cpp
         Graphe.cpp
         Exception.cpp
         Arc.cpp
         ChargeurGraphe.cpp
         Génération de code en cours...
       Link:
         C:\Program Files (x86)\Microsoft Visual Studio 11.0\VC\bin\link.exe /ERRORREPORT:PROMPT /OUT:"G:\Projet3_C++_Graphes\Projet3_C++_Bouchard_Lallement\Debug\Projet3_C++_Graphes.exe" /INCREMENTAL /NOLOGO kernel32.lib user32.lib gdi32.lib winspool.lib comdlg32.lib advapi32.lib shell32.lib ole32.lib oleaut32.lib uuid.lib odbc32.lib odbccp32.lib /MANIFEST /MANIFESTUAC:"level='asInvoker' uiAccess='false'" /manifest:embed /DEBUG /PDB:"G:\Projet3_C++_Graphes\Projet3_C++_Bouchard_Lallement\Debug\Projet3_C++_Graphes.pdb" /SUBSYSTEM:CONSOLE /TLBID:1 /DYNAMICBASE /NXCOMPAT /IMPLIB:"G:\Projet3_C++_Graphes\Projet3_C++_Bouchard_Lallement\Debug\Projet3_C++_Graphes.lib" /MACHINE:X86 Debug\ChargeurGraphe.obj
         Debug\Arc.obj
         Debug\Exception.obj
         Debug\Graphe.obj
         Debug\Parseur.obj
         Debug\Projet3_C++_Graphes.obj
         Debug\Sommet.obj
         Debug\TraitementGraphe.obj
         Projet3_C++_Graphes.vcxproj -> G:\Projet3_C++_Graphes\Projet3_C++_Bouchard_Lallement\Debug\Projet3_C++_Graphes.exe
     1>Génération du projet "G:\Projet3_C++_Graphes\Projet3_C++_Bouchard_Lallement\Projet3_C++_Graphes\Projet3_C++_Graphes.vcxproj" terminée (Build cible(s)).

La génération a réussi.

Temps écoulé 00:00:06.58
