H:\PROJET3_C++_GRAPHES\PROJET3_C++_BOUCHARD_LALLEMENT\PROJET3_C++_GRAPHES\DEBUG\CHARGEURGRAPHE.OBJ
H:\PROJET3_C++_GRAPHES\PROJET3_C++_BOUCHARD_LALLEMENT\PROJET3_C++_GRAPHES\DEBUG\ARC.OBJ
H:\PROJET3_C++_GRAPHES\PROJET3_C++_BOUCHARD_LALLEMENT\PROJET3_C++_GRAPHES\DEBUG\EXCEPTION.OBJ
H:\PROJET3_C++_GRAPHES\PROJET3_C++_BOUCHARD_LALLEMENT\PROJET3_C++_GRAPHES\DEBUG\GRAPHE.OBJ
H:\PROJET3_C++_GRAPHES\PROJET3_C++_BOUCHARD_LALLEMENT\PROJET3_C++_GRAPHES\DEBUG\PROJET3_C++_GRAPHES.OBJ
H:\PROJET3_C++_GRAPHES\PROJET3_C++_BOUCHARD_LALLEMENT\PROJET3_C++_GRAPHES\DEBUG\SOMMET.OBJ
H:\PROJET3_C++_GRAPHES\PROJET3_C++_BOUCHARD_LALLEMENT\PROJET3_C++_GRAPHES\DEBUG\TRAITEMENTGRAPHE.OBJ
H:\PROJET3_C++_GRAPHES\PROJET3_C++_BOUCHARD_LALLEMENT\PROJET3_C++_GRAPHES\DEBUG\VC110.PDB
H:\PROJET3_C++_GRAPHES\PROJET3_C++_BOUCHARD_LALLEMENT\PROJET3_C++_GRAPHES\DEBUG\PARSEUR.OBJ
H:\PROJET3_C++_GRAPHES\PROJET3_C++_BOUCHARD_LALLEMENT\DEBUG\PROJET3_C++_GRAPHES.ILK
H:\PROJET3_C++_GRAPHES\PROJET3_C++_BOUCHARD_LALLEMENT\DEBUG\PROJET3_C++_GRAPHES.EXE
H:\PROJET3_C++_GRAPHES\PROJET3_C++_BOUCHARD_LALLEMENT\DEBUG\PROJET3_C++_GRAPHES.PDB
H:\Projet3_C++_Graphes\Projet3_C++_Bouchard_Lallement\Projet3_C++_Graphes\Debug\Arc.obj
H:\Projet3_C++_Graphes\Projet3_C++_Bouchard_Lallement\Projet3_C++_Graphes\Debug\ChargeurGraphe.obj
H:\Projet3_C++_Graphes\Projet3_C++_Bouchard_Lallement\Projet3_C++_Graphes\Debug\Exception.obj
H:\Projet3_C++_Graphes\Projet3_C++_Bouchard_Lallement\Projet3_C++_Graphes\Debug\Graphe.obj
H:\Projet3_C++_Graphes\Projet3_C++_Bouchard_Lallement\Projet3_C++_Graphes\Debug\Parseur.obj
H:\Projet3_C++_Graphes\Projet3_C++_Bouchard_Lallement\Projet3_C++_Graphes\Debug\Projet3_C++_Graphes.obj
H:\Projet3_C++_Graphes\Projet3_C++_Bouchard_Lallement\Projet3_C++_Graphes\Debug\Sommet.obj
H:\Projet3_C++_Graphes\Projet3_C++_Bouchard_Lallement\Projet3_C++_Graphes\Debug\TraitementGraphe.obj
H:\Projet3_C++_Graphes\Projet3_C++_Bouchard_Lallement\Projet3_C++_Graphes\Debug\cl.command.1.tlog
H:\Projet3_C++_Graphes\Projet3_C++_Bouchard_Lallement\Projet3_C++_Graphes\Debug\CL.read.1.tlog
H:\Projet3_C++_Graphes\Projet3_C++_Bouchard_Lallement\Projet3_C++_Graphes\Debug\CL.write.1.tlog
H:\Projet3_C++_Graphes\Projet3_C++_Bouchard_Lallement\Projet3_C++_Graphes\Debug\link-cvtres.read.1.tlog
H:\Projet3_C++_Graphes\Projet3_C++_Bouchard_Lallement\Projet3_C++_Graphes\Debug\link-cvtres.write.1.tlog
H:\Projet3_C++_Graphes\Projet3_C++_Bouchard_Lallement\Projet3_C++_Graphes\Debug\link-rc.read.1.tlog
H:\Projet3_C++_Graphes\Projet3_C++_Bouchard_Lallement\Projet3_C++_Graphes\Debug\link-rc.write.1.tlog
H:\Projet3_C++_Graphes\Projet3_C++_Bouchard_Lallement\Projet3_C++_Graphes\Debug\link.2416-cvtres.read.1.tlog
H:\Projet3_C++_Graphes\Projet3_C++_Bouchard_Lallement\Projet3_C++_Graphes\Debug\link.2416-cvtres.write.1.tlog
H:\Projet3_C++_Graphes\Projet3_C++_Bouchard_Lallement\Projet3_C++_Graphes\Debug\link.2416-rc.read.1.tlog
H:\Projet3_C++_Graphes\Projet3_C++_Bouchard_Lallement\Projet3_C++_Graphes\Debug\link.2416-rc.write.1.tlog
H:\Projet3_C++_Graphes\Projet3_C++_Bouchard_Lallement\Projet3_C++_Graphes\Debug\link.2416.read.1.tlog
H:\Projet3_C++_Graphes\Projet3_C++_Bouchard_Lallement\Projet3_C++_Graphes\Debug\link.2416.write.1.tlog
H:\Projet3_C++_Graphes\Projet3_C++_Bouchard_Lallement\Projet3_C++_Graphes\Debug\link.2528-cvtres.read.1.tlog
H:\Projet3_C++_Graphes\Projet3_C++_Bouchard_Lallement\Projet3_C++_Graphes\Debug\link.2528-cvtres.write.1.tlog
H:\Projet3_C++_Graphes\Projet3_C++_Bouchard_Lallement\Projet3_C++_Graphes\Debug\link.2528-rc.read.1.tlog
H:\Projet3_C++_Graphes\Projet3_C++_Bouchard_Lallement\Projet3_C++_Graphes\Debug\link.2528-rc.write.1.tlog
H:\Projet3_C++_Graphes\Projet3_C++_Bouchard_Lallement\Projet3_C++_Graphes\Debug\link.2528.read.1.tlog
H:\Projet3_C++_Graphes\Projet3_C++_Bouchard_Lallement\Projet3_C++_Graphes\Debug\link.2528.write.1.tlog
H:\Projet3_C++_Graphes\Projet3_C++_Bouchard_Lallement\Projet3_C++_Graphes\Debug\link.2916-cvtres.read.1.tlog
H:\Projet3_C++_Graphes\Projet3_C++_Bouchard_Lallement\Projet3_C++_Graphes\Debug\link.2916-cvtres.write.1.tlog
H:\Projet3_C++_Graphes\Projet3_C++_Bouchard_Lallement\Projet3_C++_Graphes\Debug\link.2916-rc.read.1.tlog
H:\Projet3_C++_Graphes\Projet3_C++_Bouchard_Lallement\Projet3_C++_Graphes\Debug\link.2916-rc.write.1.tlog
H:\Projet3_C++_Graphes\Projet3_C++_Bouchard_Lallement\Projet3_C++_Graphes\Debug\link.2916.read.1.tlog
H:\Projet3_C++_Graphes\Projet3_C++_Bouchard_Lallement\Projet3_C++_Graphes\Debug\link.2916.write.1.tlog
H:\Projet3_C++_Graphes\Projet3_C++_Bouchard_Lallement\Projet3_C++_Graphes\Debug\link.3468-cvtres.read.1.tlog
H:\Projet3_C++_Graphes\Projet3_C++_Bouchard_Lallement\Projet3_C++_Graphes\Debug\link.3468-cvtres.write.1.tlog
H:\Projet3_C++_Graphes\Projet3_C++_Bouchard_Lallement\Projet3_C++_Graphes\Debug\link.3468-rc.read.1.tlog
H:\Projet3_C++_Graphes\Projet3_C++_Bouchard_Lallement\Projet3_C++_Graphes\Debug\link.3468-rc.write.1.tlog
H:\Projet3_C++_Graphes\Projet3_C++_Bouchard_Lallement\Projet3_C++_Graphes\Debug\link.3468.read.1.tlog
H:\Projet3_C++_Graphes\Projet3_C++_Bouchard_Lallement\Projet3_C++_Graphes\Debug\link.3468.write.1.tlog
H:\Projet3_C++_Graphes\Projet3_C++_Bouchard_Lallement\Projet3_C++_Graphes\Debug\link.8896-cvtres.read.1.tlog
H:\Projet3_C++_Graphes\Projet3_C++_Bouchard_Lallement\Projet3_C++_Graphes\Debug\link.8896-cvtres.write.1.tlog
H:\Projet3_C++_Graphes\Projet3_C++_Bouchard_Lallement\Projet3_C++_Graphes\Debug\link.8896-rc.read.1.tlog
H:\Projet3_C++_Graphes\Projet3_C++_Bouchard_Lallement\Projet3_C++_Graphes\Debug\link.8896-rc.write.1.tlog
H:\Projet3_C++_Graphes\Projet3_C++_Bouchard_Lallement\Projet3_C++_Graphes\Debug\link.8896.read.1.tlog
H:\Projet3_C++_Graphes\Projet3_C++_Bouchard_Lallement\Projet3_C++_Graphes\Debug\link.8896.write.1.tlog
H:\Projet3_C++_Graphes\Projet3_C++_Bouchard_Lallement\Projet3_C++_Graphes\Debug\link.9088-cvtres.read.1.tlog
H:\Projet3_C++_Graphes\Projet3_C++_Bouchard_Lallement\Projet3_C++_Graphes\Debug\link.9088-cvtres.write.1.tlog
H:\Projet3_C++_Graphes\Projet3_C++_Bouchard_Lallement\Projet3_C++_Graphes\Debug\link.9088-rc.read.1.tlog
H:\Projet3_C++_Graphes\Projet3_C++_Bouchard_Lallement\Projet3_C++_Graphes\Debug\link.9088-rc.write.1.tlog
H:\Projet3_C++_Graphes\Projet3_C++_Bouchard_Lallement\Projet3_C++_Graphes\Debug\link.9088.read.1.tlog
H:\Projet3_C++_Graphes\Projet3_C++_Bouchard_Lallement\Projet3_C++_Graphes\Debug\link.9088.write.1.tlog
H:\Projet3_C++_Graphes\Projet3_C++_Bouchard_Lallement\Projet3_C++_Graphes\Debug\link.command.1.tlog
H:\Projet3_C++_Graphes\Projet3_C++_Bouchard_Lallement\Projet3_C++_Graphes\Debug\link.read.1.tlog
H:\Projet3_C++_Graphes\Projet3_C++_Bouchard_Lallement\Projet3_C++_Graphes\Debug\link.write.1.tlog
H:\Projet3_C++_Graphes\Projet3_C++_Bouchard_Lallement\Projet3_C++_Graphes\Debug\vc110.idb
H:\Projet3_C++_Graphes\Projet3_C++_Bouchard_Lallement\Projet3_C++_Graphes\Debug\vc110.pdb
H:\Projet3_C++_Graphes\Projet3_C++_Bouchard_Lallement\Debug\Projet3_C++_Graphes.pdb
H:\Projet3_C++_Graphes\Projet3_C++_Bouchard_Lallement\Debug\Projet3_C++_Graphes.exe
H:\Projet3_C++_Graphes\Projet3_C++_Bouchard_Lallement\Debug\Projet3_C++_Graphes.ilk
