La génération a démarré 27/05/2016 01:05:12.
     1>Projet "H:\Projet3_C++_QuestionIndividualisee\DI3_C-_Graph\Projet3_C++_Graphes\Projet3_C++_Graphes.vcxproj" sur le nœud 2 (Rebuild cible(s)).
     1>ClCompile:
         C:\Program Files (x86)\Microsoft Visual Studio 11.0\VC\bin\CL.exe /c /Zi /nologo /W4 /WX- /sdl /O2 /Oi /Oy- /GL /D CODE_ANALYSIS /D WIN32 /D NDEBUG /D _CONSOLE /D _UNICODE /D UNICODE /Gm- /EHsc /MD /GS /Gy /fp:precise /Zc:wchar_t /Zc:forScope /Fo"Release\\" /Fd"Release\vc110.pdb" /Gd /TP /analyze /analyze:log "Release\ChargeurGraphe.cpp.nativecodeanalysis.xml" /analyze:pluginlocalespc.dll /errorReport:prompt   /analyze:quiet ChargeurGraphe.cpp
         ChargeurGraphe.cpp
         C:\Program Files (x86)\Microsoft Visual Studio 11.0\VC\bin\CL.exe /c /Zi /nologo /W4 /WX- /sdl /O2 /Oi /Oy- /GL /D CODE_ANALYSIS /D WIN32 /D NDEBUG /D _CONSOLE /D _UNICODE /D UNICODE /Gm- /EHsc /MD /GS /Gy /fp:precise /Zc:wchar_t /Zc:forScope /Fo"Release\\" /Fd"Release\vc110.pdb" /Gd /TP /analyze /analyze:log "Release\Arc.cpp.nativecodeanalysis.xml" /analyze:pluginlocalespc.dll /errorReport:prompt   /analyze:quiet Arc.cpp
         Arc.cpp
         C:\Program Files (x86)\Microsoft Visual Studio 11.0\VC\bin\CL.exe /c /Zi /nologo /W4 /WX- /sdl /O2 /Oi /Oy- /GL /D CODE_ANALYSIS /D WIN32 /D NDEBUG /D _CONSOLE /D _UNICODE /D UNICODE /Gm- /EHsc /MD /GS /Gy /fp:precise /Zc:wchar_t /Zc:forScope /Fo"Release\\" /Fd"Release\vc110.pdb" /Gd /TP /analyze /analyze:log "Release\Exception.cpp.nativecodeanalysis.xml" /analyze:pluginlocalespc.dll /errorReport:prompt   /analyze:quiet Exception.cpp
         Exception.cpp
         C:\Program Files (x86)\Microsoft Visual Studio 11.0\VC\bin\CL.exe /c /Zi /nologo /W4 /WX- /sdl /O2 /Oi /Oy- /GL /D CODE_ANALYSIS /D WIN32 /D NDEBUG /D _CONSOLE /D _UNICODE /D UNICODE /Gm- /EHsc /MD /GS /Gy /fp:precise /Zc:wchar_t /Zc:forScope /Fo"Release\\" /Fd"Release\vc110.pdb" /Gd /TP /analyze /analyze:log "Release\Graphe.cpp.nativecodeanalysis.xml" /analyze:pluginlocalespc.dll /errorReport:prompt   /analyze:quiet Graphe.cpp
         Graphe.cpp
         C:\Program Files (x86)\Microsoft Visual Studio 11.0\VC\bin\CL.exe /c /Zi /nologo /W4 /WX- /sdl /O2 /Oi /Oy- /GL /D CODE_ANALYSIS /D WIN32 /D NDEBUG /D _CONSOLE /D _UNICODE /D UNICODE /Gm- /EHsc /MD /GS /Gy /fp:precise /Zc:wchar_t /Zc:forScope /Fo"Release\\" /Fd"Release\vc110.pdb" /Gd /TP /analyze /analyze:log "Release\Parseur.cpp.nativecodeanalysis.xml" /analyze:pluginlocalespc.dll /errorReport:prompt   /analyze:quiet Parseur.cpp
         Parseur.cpp
         C:\Program Files (x86)\Microsoft Visual Studio 11.0\VC\bin\CL.exe /c /Zi /nologo /W4 /WX- /sdl /O2 /Oi /Oy- /GL /D CODE_ANALYSIS /D WIN32 /D NDEBUG /D _CONSOLE /D _UNICODE /D UNICODE /Gm- /EHsc /MD /GS /Gy /fp:precise /Zc:wchar_t /Zc:forScope /Fo"Release\\" /Fd"Release\vc110.pdb" /Gd /TP /analyze /analyze:log "Release\Projet3_C++_Graphes.cpp.nativecodeanalysis.xml" /analyze:pluginlocalespc.dll /errorReport:prompt   /analyze:quiet Projet3_C++_Graphes.cpp
         Projet3_C++_Graphes.cpp
         C:\Program Files (x86)\Microsoft Visual Studio 11.0\VC\bin\CL.exe /c /Zi /nologo /W4 /WX- /sdl /O2 /Oi /Oy- /GL /D CODE_ANALYSIS /D WIN32 /D NDEBUG /D _CONSOLE /D _UNICODE /D UNICODE /Gm- /EHsc /MD /GS /Gy /fp:precise /Zc:wchar_t /Zc:forScope /Fo"Release\\" /Fd"Release\vc110.pdb" /Gd /TP /analyze /analyze:log "Release\Sommet.cpp.nativecodeanalysis.xml" /analyze:pluginlocalespc.dll /errorReport:prompt   /analyze:quiet Sommet.cpp
         Sommet.cpp
         C:\Program Files (x86)\Microsoft Visual Studio 11.0\VC\bin\CL.exe /c /Zi /nologo /W4 /WX- /sdl /O2 /Oi /Oy- /GL /D CODE_ANALYSIS /D WIN32 /D NDEBUG /D _CONSOLE /D _UNICODE /D UNICODE /Gm- /EHsc /MD /GS /Gy /fp:precise /Zc:wchar_t /Zc:forScope /Fo"Release\\" /Fd"Release\vc110.pdb" /Gd /TP /analyze /analyze:log "Release\TraitementGraphe.cpp.nativecodeanalysis.xml" /analyze:pluginlocalespc.dll /errorReport:prompt   /analyze:quiet TraitementGraphe.cpp
         TraitementGraphe.cpp
     1>TraitementGraphe.cpp(61): warning C4389: '==' : incompatibilité signed/unsigned
       Link:
         C:\Program Files (x86)\Microsoft Visual Studio 11.0\VC\bin\link.exe /ERRORREPORT:PROMPT /OUT:"H:\Projet3_C++_QuestionIndividualisee\DI3_C-_Graph\Release\Projet3_C++_Graphes.exe" /INCREMENTAL:NO /NOLOGO kernel32.lib user32.lib gdi32.lib winspool.lib comdlg32.lib advapi32.lib shell32.lib ole32.lib oleaut32.lib uuid.lib odbc32.lib odbccp32.lib /MANIFEST /MANIFESTUAC:"level='asInvoker' uiAccess='false'" /manifest:embed /DEBUG /PDB:"H:\Projet3_C++_QuestionIndividualisee\DI3_C-_Graph\Release\Projet3_C++_Graphes.pdb" /SUBSYSTEM:CONSOLE /OPT:REF /OPT:ICF /LTCG /TLBID:1 /DYNAMICBASE /NXCOMPAT /IMPLIB:"H:\Projet3_C++_QuestionIndividualisee\DI3_C-_Graph\Release\Projet3_C++_Graphes.lib" /MACHINE:X86 /SAFESEH Release\ChargeurGraphe.obj
         Release\Arc.obj
         Release\Exception.obj
         Release\Graphe.obj
         Release\Parseur.obj
         Release\Projet3_C++_Graphes.obj
         Release\Sommet.obj
         Release\TraitementGraphe.obj
         Génération de code en cours
         Fin de la génération du code
         Projet3_C++_Graphes.vcxproj -> H:\Projet3_C++_QuestionIndividualisee\DI3_C-_Graph\Release\Projet3_C++_Graphes.exe
     1>graphe.cpp(146): warning : C6308: 'realloc' peut retourner un pointeur Null : l'attribution d'un pointeur Null à 'ppSOMGRASommet' passé comme argument à 'realloc' peut entraîner une fuite du bloc de mémoire d'origine.
     1>sommet.cpp(160): warning : C6308: 'realloc' peut retourner un pointeur Null : l'attribution d'un pointeur Null à 'ppARCSOMEntrant' passé comme argument à 'realloc' peut entraîner une fuite du bloc de mémoire d'origine.
     1>sommet.cpp(180): warning : C6308: 'realloc' peut retourner un pointeur Null : l'attribution d'un pointeur Null à 'ppARCSOMSortant' passé comme argument à 'realloc' peut entraîner une fuite du bloc de mémoire d'origine.
     1>sommet.cpp(200): warning : C6308: 'realloc' peut retourner un pointeur Null : l'attribution d'un pointeur Null à 'ppARCSOMSortant' passé comme argument à 'realloc' peut entraîner une fuite du bloc de mémoire d'origine.
     1>Génération du projet "H:\Projet3_C++_QuestionIndividualisee\DI3_C-_Graph\Projet3_C++_Graphes\Projet3_C++_Graphes.vcxproj" terminée (Rebuild cible(s)).

La génération a réussi.

Temps écoulé 00:00:33.27
